<?xml version="1.0" encoding="UTF-8"?>
<testng-results skipped="0" failed="0" ignored="1" total="2" passed="1">
  <reporter-output>
  </reporter-output>
  <suite name="Default suite" duration-ms="6686" started-at="2019-09-24T00:41:47Z" finished-at="2019-09-24T00:41:54Z">
    <groups>
    </groups>
    <test name="Default test" duration-ms="6686" started-at="2019-09-24T00:41:47Z" finished-at="2019-09-24T00:41:54Z">
      <class name="day1.Auth">
        <test-method status="PASS" signature="f2()[pri:0, instance:day1.Auth@735b5592]" name="f2" duration-ms="6654" started-at="2019-09-23T17:41:47Z" finished-at="2019-09-23T17:41:54Z">
          <reporter-output>
          </reporter-output>
        </test-method> <!-- f2 -->
      </class> <!-- day1.Auth -->
    </test> <!-- Default test -->
  </suite> <!-- Default suite -->
</testng-results>
